[1m============================= test session starts ==============================[0m 
platform linux -- Python 3.13.5, pytest-9.0.2, pluggy-1.6.0 -- /opt/pyvenv/bin/python 
cachedir: .pytest_cache
metadata: {'Python': '3.13.5', 'Platform': 'Linux-4.4.0-x86_64-with-glibc2.41', 'Packages': {'pytest': '9.0.2', 'pluggy': '1.6.0'}, 'Plugins': {'json-report': '1.5.0', 'cov': '7.0.0', 'Faker': '40.1.2', 'metadata': '3.1.1', 'anyio': '4.12.1', 'ddtrace': '4.4.0', 'asyncio': '1.3.0'}, 'PLATFORM': 'linux/amd64', 'CI': 'true'}
rootdir: /mnt/data/greffepred_refonte 
plugins: json-report-1.5.0, cov-7.0.0, Faker-40.1.2, metadata-3.1.1, anyio-4.12.1, ddtrace-4.4.0, asyncio-1.3.0
asyncio: mode=Mode.STRICT, debug=False, asyncio_default_fixture_loop_scope=None, asyncio_default_test_loop_scope=function
[1mcollecting ... [0mcollected 14 items  

tests/test_data_processing.py::test_prepare_model_dataframe_removes_leakage_columns [32mPASSED[0m[32m [  7%][0m
tests/test_data_processing.py::test_derived_features_are_recomputed [32mPASSED[0m[32m [ 14%][0m
tests/test_data_processing.py::test_make_prediction_frame_has_expected_columns [32mPASSED[0m[32m [ 21%][0m
tests/test_data_processing.py::test_build_training_data_has_no_target_in_features [32mPASSED[0m[32m [ 28%][0m
tests/test_data_processing.py::test_dataset_quality_summary_mentions_removed_columns [32mPASSED[0m[32m [ 35%][0m
tests/test_input_validation.py::test_valid_record_has_no_error [32mPASSED[0m[32m    [ 42%][0m
tests/test_input_validation.py::test_out_of_range_age_is_an_error [32mPASSED[0m[32m [ 50%][0m
tests/test_input_validation.py::test_aberrant_but_possible_values_generate_warning [32mPASSED[0m[32m [ 57%][0m
tests/test_input_validation.py::test_hla_incoherence_generates_warning [32mPASSED[0m[32m [ 64%][0m
tests/test_model_selection.py::test_compare_models_returns_expected_columns [32mPASSED[0m[32m [ 71%][0m
tests/test_model_selection.py::test_compare_models_is_sorted_by_roc_auc [32mPASSED[0m[32m [ 78%][0m
tests/test_model_selection.py::test_select_best_model_returns_first_row_name [32mPASSED[0m[32m [ 85%][0m
tests/test_prediction_logger.py::test_initialize_workbook_creates_file [32mPASSED[0m[32m [ 92%][0m
tests/test_prediction_logger.py::test_append_prediction_adds_row [32mPASSED[0m[32m  [100%][0m

[32m============================= [32m[1m14 passed[0m[32m in 10.96s[0m[32m ==============================[0m
